<?xml version="1.0" encoding="UTF-8"?>
<!-- Generated by org.testng.reporters.JUnitXMLReporter -->
<testsuite hostname="192-168-1-106.tpgi.com.au" name="Default test" tests="6" failures="0" timestamp="29 Jul 2016 05:51:40 GMT" time="22.666" errors="0">
  <testcase name="Brands_DeleteAllApiTest" time="6.256" classname="APITesting.com.org.api.Brands_ApiTests"/>
  <testcase name="Brands_PostApiTest_usingObjects" time="4.712" classname="APITesting.com.org.api.Brands_ApiTests"/>
  <testcase name="Brands_GetCountApiTest" time="3.261" classname="APITesting.com.org.api.Brands_ApiTests"/>
  <testcase name="Brands_GetApiTest" time="2.866" classname="APITesting.com.org.api.Brands_ApiTests"/>
  <testcase name="Test_GetBrandById" time="2.802" classname="APITesting.com.org.api.Brands_ApiTests"/>
  <testcase name="Brands_PutApiTest_usingObjects" time="2.722" classname="APITesting.com.org.api.Brands_ApiTests"/>
</testsuite> <!-- Default test -->
