<?xml version="1.0" encoding="UTF-8"?>
<!-- Generated by org.testng.reporters.JUnitXMLReporter -->
<testsuite hostname="192-168-1-106.tpgi.com.au" name="Default test" tests="7" failures="0" timestamp="29 Jul 2016 06:50:50 GMT" time="19.485" errors="0">
  <testcase name="Brands_DeleteAllApiTest" time="4.295" classname="APITesting.com.org.api.Brands_ApiTests"/>
  <testcase name="Brands_PostApiTest_usingObjects" time="2.826" classname="APITesting.com.org.api.Brands_ApiTests"/>
  <testcase name="Brands_GetCountApiTest" time="2.373" classname="APITesting.com.org.api.Brands_ApiTests"/>
  <testcase name="Brands_GetApiTest" time="2.529" classname="APITesting.com.org.api.Brands_ApiTests"/>
  <testcase name="Test_GetBrandById" time="2.242" classname="APITesting.com.org.api.Brands_ApiTests"/>
  <testcase name="Brands_PutApiTest_usingObjects" time="2.379" classname="APITesting.com.org.api.Brands_ApiTests"/>
  <testcase name="Brands_DeleteApiTest" time="2.806" classname="APITesting.com.org.api.Brands_ApiTests"/>
</testsuite> <!-- Default test -->
