<?xml version="1.0" encoding="UTF-8"?>
<testng-results skipped="0" failed="0" total="7" passed="7">
  <reporter-output>
  </reporter-output>
  <suite name="Default suite" duration-ms="19485" started-at="2016-07-29T06:50:31Z" finished-at="2016-07-29T06:50:50Z">
    <groups>
    </groups>
    <test name="Default test" duration-ms="19485" started-at="2016-07-29T06:50:31Z" finished-at="2016-07-29T06:50:50Z">
      <class name="APITesting.com.org.api.Brands_ApiTests">
        <test-method status="PASS" signature="Brands_DeleteAllApiTest()[pri:1, instance:APITesting.com.org.api.Brands_ApiTests@59fa1d9b]" name="Brands_DeleteAllApiTest" duration-ms="4295" started-at="2016-07-29T16:50:31Z" finished-at="2016-07-29T16:50:35Z">
          <reporter-output>
          </reporter-output>
        </test-method> <!-- Brands_DeleteAllApiTest -->
        <test-method status="PASS" signature="Brands_PostApiTest_usingObjects()[pri:2, instance:APITesting.com.org.api.Brands_ApiTests@59fa1d9b]" name="Brands_PostApiTest_usingObjects" duration-ms="2826" started-at="2016-07-29T16:50:35Z" finished-at="2016-07-29T16:50:38Z">
          <reporter-output>
          </reporter-output>
        </test-method> <!-- Brands_PostApiTest_usingObjects -->
        <test-method status="PASS" signature="Brands_GetCountApiTest()[pri:3, instance:APITesting.com.org.api.Brands_ApiTests@59fa1d9b]" name="Brands_GetCountApiTest" duration-ms="2373" started-at="2016-07-29T16:50:38Z" finished-at="2016-07-29T16:50:40Z">
          <reporter-output>
          </reporter-output>
        </test-method> <!-- Brands_GetCountApiTest -->
        <test-method status="PASS" signature="Brands_GetApiTest()[pri:4, instance:APITesting.com.org.api.Brands_ApiTests@59fa1d9b]" name="Brands_GetApiTest" duration-ms="2529" started-at="2016-07-29T16:50:40Z" finished-at="2016-07-29T16:50:43Z">
          <reporter-output>
          </reporter-output>
        </test-method> <!-- Brands_GetApiTest -->
        <test-method status="PASS" signature="Test_GetBrandById()[pri:5, instance:APITesting.com.org.api.Brands_ApiTests@59fa1d9b]" name="Test_GetBrandById" duration-ms="2242" started-at="2016-07-29T16:50:43Z" finished-at="2016-07-29T16:50:45Z">
          <reporter-output>
          </reporter-output>
        </test-method> <!-- Test_GetBrandById -->
        <test-method status="PASS" signature="Brands_PutApiTest_usingObjects()[pri:6, instance:APITesting.com.org.api.Brands_ApiTests@59fa1d9b]" name="Brands_PutApiTest_usingObjects" duration-ms="2379" started-at="2016-07-29T16:50:45Z" finished-at="2016-07-29T16:50:47Z">
          <reporter-output>
          </reporter-output>
        </test-method> <!-- Brands_PutApiTest_usingObjects -->
        <test-method status="PASS" signature="Brands_DeleteApiTest()[pri:7, instance:APITesting.com.org.api.Brands_ApiTests@59fa1d9b]" name="Brands_DeleteApiTest" duration-ms="2806" started-at="2016-07-29T16:50:47Z" finished-at="2016-07-29T16:50:50Z">
          <reporter-output>
          </reporter-output>
        </test-method> <!-- Brands_DeleteApiTest -->
      </class> <!-- APITesting.com.org.api.Brands_ApiTests -->
    </test> <!-- Default test -->
  </suite> <!-- Default suite -->
</testng-results>
